<?xml version="1.0" encoding="UTF-8"?>
<!-- Generated by org.testng.reporters.JUnitXMLReporter -->
<testsuite ignored="0" hostname="DESKTOP-T0IA6N3" failures="0" tests="10" name="Default test" time="1.229" errors="0" timestamp="2023-04-21T17:15:31 EEST">
  <testcase classname="TestSuitTestCases.ShorteningValueTest" name="f" time="0.007"/>
  <testcase classname="TestSuitTestCases.ShorteningValueTest" name="f" time="0.002"/>
  <testcase classname="TestSuitTestCases.ShorteningValueTest" name="f" time="0.002"/>
  <testcase classname="TestSuitTestCases.ShorteningValueTest" name="f" time="0.001"/>
  <testcase classname="TestSuitTestCases.ShorteningValueTest" name="f" time="0.001"/>
  <testcase classname="TestSuitTestCases.ShorteningValueTest" name="f" time="0.0"/>
  <testcase classname="TestSuitTestCases.ShorteningValueTest" name="f" time="0.001"/>
  <testcase classname="TestSuitTestCases.ShorteningValueTest" name="f" time="0.002"/>
  <testcase classname="TestSuitTestCases.ShorteningValueTest" name="f" time="0.002"/>
  <testcase classname="TestSuitTestCases.ShorteningValueTest" name="f" time="0.001"/>
</testsuite> <!-- Default test -->
