<?xml version="1.0" encoding="UTF-8"?>
<!-- Generated by org.testng.reporters.JUnitXMLReporter -->
<testsuite ignored="0" hostname="DESKTOP-T0IA6N3" failures="0" tests="10" name="Test" time="1.419" errors="0" timestamp="2023-04-24T19:35:38 EEST">
  <testcase classname="TestSuitTestCases.ShorteningValueTest" name="f" time="0.009"/>
  <testcase classname="TestSuitTestCases.ShorteningValueTest" name="f" time="0.002"/>
  <testcase classname="TestSuitTestCases.ShorteningValueTest" name="f" time="0.001"/>
  <testcase classname="TestSuitTestCases.ShorteningValueTest" name="f" time="0.001"/>
  <testcase classname="TestSuitTestCases.ShorteningValueTest" name="f" time="0.002"/>
  <testcase classname="TestSuitTestCases.ShorteningValueTest" name="f" time="0.001"/>
  <testcase classname="TestSuitTestCases.ShorteningValueTest" name="f" time="0.001"/>
  <testcase classname="TestSuitTestCases.ShorteningValueTest" name="f" time="0.001"/>
  <testcase classname="TestSuitTestCases.ShorteningValueTest" name="f" time="0.001"/>
  <testcase classname="TestSuitTestCases.ShorteningValueTest" name="f" time="0.001"/>
</testsuite> <!-- Test -->
